La génération a démarré 2014-11-06 15:41:11.
     1>Projet "Z:\inf8500\Lab2\impl\vc++\EncodeurRS\EncodeurRS\EncodeurRS.vcxproj" sur le nœud 2 (Build cible(s)).
     1>ClCompile:
         C:\Program Files (x86)\Microsoft Visual Studio 12.0\VC\bin\CL.exe /c /IZ:\inf8500\Lab2\impl\vc++\EncodeurRS\\..\..\..\SystemC\include\ /ZI /nologo /W3 /WX- /sdl /Od /Oy- /D SC_INCLUDE_DYNAMIC_PROCESSES /D _CRT_SECURE_NO_WARNINGS /D _MBCS /Gm /EHsc /RTC1 /MTd /GS /fp:precise /Zc:wchar_t /Zc:forScope /GR /Fo"Debug\\" /Fd"Debug\vc120.pdb" /Gd /TP /analyze- /errorReport:prompt /vmg ..\..\..\src\MainTopLevel.cpp ..\..\..\src\RSEncoder.cpp ..\..\..\src\RSEncoderTB.cpp
         RSEncoderTB.cpp
     1>z:\inf8500\lab2\impl\src\rsencodertb.cpp(156): warning C4244: '=' : conversion de 'sc_dt::uint_type' en 'int', perte possible de données
         RSEncoder.cpp
     1>z:\inf8500\lab2\impl\src\rsencoder.cpp(107): warning C4244: '=' : conversion de 'sc_dt::uint_type' en 'int', perte possible de données
         MainTopLevel.cpp
         Génération de code en cours...
       Link:
         C:\Program Files (x86)\Microsoft Visual Studio 12.0\VC\bin\link.exe /ERRORREPORT:PROMPT /OUT:"Z:\inf8500\Lab2\impl\vc++\EncodeurRS\Debug\EncodeurRS.exe" /INCREMENTAL /NOLOGO /LIBPATH:Z:\inf8500\Lab2\impl\vc++\EncodeurRS\\..\..\..\SystemC\lib SystemC_2013_DB.lib kernel32.lib user32.lib gdi32.lib winspool.lib comdlg32.lib advapi32.lib shell32.lib ole32.lib oleaut32.lib uuid.lib odbc32.lib odbccp32.lib /MANIFEST /MANIFESTUAC:"level='asInvoker' uiAccess='false'" /manifest:embed /DEBUG /PDB:"Z:\inf8500\Lab2\impl\vc++\EncodeurRS\Debug\EncodeurRS.pdb" /SUBSYSTEM:CONSOLE /TLBID:1 /DYNAMICBASE /NXCOMPAT /IMPLIB:"Z:\inf8500\Lab2\impl\vc++\EncodeurRS\Debug\EncodeurRS.lib" /MACHINE:X86 Debug\MainTopLevel.obj
         Debug\RSEncoder.obj
         Debug\RSEncoderTB.obj
     1>SystemC_2013_DB.lib(sc_clock.obj) : warning LNK4099: PDB 'vc120.pdb' n'a pu être trouvé avec 'SystemC_2013_DB.lib(sc_clock.obj)' ou sur 'Z:\inf8500\Lab2\impl\vc++\EncodeurRS\Debug\vc120.pdb' ; l'objet sera lié sans informations de débogage
     1>SystemC_2013_DB.lib(sc_event_finder.obj) : warning LNK4099: PDB 'vc120.pdb' n'a pu être trouvé avec 'SystemC_2013_DB.lib(sc_event_finder.obj)' ou sur 'Z:\inf8500\Lab2\impl\vc++\EncodeurRS\Debug\vc120.pdb' ; l'objet sera lié sans informations de débogage
     1>SystemC_2013_DB.lib(sc_export.obj) : warning LNK4099: PDB 'vc120.pdb' n'a pu être trouvé avec 'SystemC_2013_DB.lib(sc_export.obj)' ou sur 'Z:\inf8500\Lab2\impl\vc++\EncodeurRS\Debug\vc120.pdb' ; l'objet sera lié sans informations de débogage
     1>SystemC_2013_DB.lib(sc_interface.obj) : warning LNK4099: PDB 'vc120.pdb' n'a pu être trouvé avec 'SystemC_2013_DB.lib(sc_interface.obj)' ou sur 'Z:\inf8500\Lab2\impl\vc++\EncodeurRS\Debug\vc120.pdb' ; l'objet sera lié sans informations de débogage
     1>SystemC_2013_DB.lib(sc_port.obj) : warning LNK4099: PDB 'vc120.pdb' n'a pu être trouvé avec 'SystemC_2013_DB.lib(sc_port.obj)' ou sur 'Z:\inf8500\Lab2\impl\vc++\EncodeurRS\Debug\vc120.pdb' ; l'objet sera lié sans informations de débogage
     1>SystemC_2013_DB.lib(sc_prim_channel.obj) : warning LNK4099: PDB 'vc120.pdb' n'a pu être trouvé avec 'SystemC_2013_DB.lib(sc_prim_channel.obj)' ou sur 'Z:\inf8500\Lab2\impl\vc++\EncodeurRS\Debug\vc120.pdb' ; l'objet sera lié sans informations de débogage
     1>SystemC_2013_DB.lib(sc_signal.obj) : warning LNK4099: PDB 'vc120.pdb' n'a pu être trouvé avec 'SystemC_2013_DB.lib(sc_signal.obj)' ou sur 'Z:\inf8500\Lab2\impl\vc++\EncodeurRS\Debug\vc120.pdb' ; l'objet sera lié sans informations de débogage
     1>SystemC_2013_DB.lib(sc_signal_ports.obj) : warning LNK4099: PDB 'vc120.pdb' n'a pu être trouvé avec 'SystemC_2013_DB.lib(sc_signal_ports.obj)' ou sur 'Z:\inf8500\Lab2\impl\vc++\EncodeurRS\Debug\vc120.pdb' ; l'objet sera lié sans informations de débogage
     1>SystemC_2013_DB.lib(sc_bv_base.obj) : warning LNK4099: PDB 'vc120.pdb' n'a pu être trouvé avec 'SystemC_2013_DB.lib(sc_bv_base.obj)' ou sur 'Z:\inf8500\Lab2\impl\vc++\EncodeurRS\Debug\vc120.pdb' ; l'objet sera lié sans informations de débogage
     1>SystemC_2013_DB.lib(sc_logic.obj) : warning LNK4099: PDB 'vc120.pdb' n'a pu être trouvé avec 'SystemC_2013_DB.lib(sc_logic.obj)' ou sur 'Z:\inf8500\Lab2\impl\vc++\EncodeurRS\Debug\vc120.pdb' ; l'objet sera lié sans informations de débogage
     1>SystemC_2013_DB.lib(scfx_mant.obj) : warning LNK4099: PDB 'vc120.pdb' n'a pu être trouvé avec 'SystemC_2013_DB.lib(scfx_mant.obj)' ou sur 'Z:\inf8500\Lab2\impl\vc++\EncodeurRS\Debug\vc120.pdb' ; l'objet sera lié sans informations de débogage
     1>SystemC_2013_DB.lib(scfx_pow10.obj) : warning LNK4099: PDB 'vc120.pdb' n'a pu être trouvé avec 'SystemC_2013_DB.lib(scfx_pow10.obj)' ou sur 'Z:\inf8500\Lab2\impl\vc++\EncodeurRS\Debug\vc120.pdb' ; l'objet sera lié sans informations de débogage
     1>SystemC_2013_DB.lib(scfx_rep.obj) : warning LNK4099: PDB 'vc120.pdb' n'a pu être trouvé avec 'SystemC_2013_DB.lib(scfx_rep.obj)' ou sur 'Z:\inf8500\Lab2\impl\vc++\EncodeurRS\Debug\vc120.pdb' ; l'objet sera lié sans informations de débogage
     1>SystemC_2013_DB.lib(scfx_utils.obj) : warning LNK4099: PDB 'vc120.pdb' n'a pu être trouvé avec 'SystemC_2013_DB.lib(scfx_utils.obj)' ou sur 'Z:\inf8500\Lab2\impl\vc++\EncodeurRS\Debug\vc120.pdb' ; l'objet sera lié sans informations de débogage
     1>SystemC_2013_DB.lib(sc_fxcast_switch.obj) : warning LNK4099: PDB 'vc120.pdb' n'a pu être trouvé avec 'SystemC_2013_DB.lib(sc_fxcast_switch.obj)' ou sur 'Z:\inf8500\Lab2\impl\vc++\EncodeurRS\Debug\vc120.pdb' ; l'objet sera lié sans informations de débogage
     1>SystemC_2013_DB.lib(sc_fxdefs.obj) : warning LNK4099: PDB 'vc120.pdb' n'a pu être trouvé avec 'SystemC_2013_DB.lib(sc_fxdefs.obj)' ou sur 'Z:\inf8500\Lab2\impl\vc++\EncodeurRS\Debug\vc120.pdb' ; l'objet sera lié sans informations de débogage
     1>SystemC_2013_DB.lib(sc_fxnum.obj) : warning LNK4099: PDB 'vc120.pdb' n'a pu être trouvé avec 'SystemC_2013_DB.lib(sc_fxnum.obj)' ou sur 'Z:\inf8500\Lab2\impl\vc++\EncodeurRS\Debug\vc120.pdb' ; l'objet sera lié sans informations de débogage
     1>SystemC_2013_DB.lib(sc_fxtype_params.obj) : warning LNK4099: PDB 'vc120.pdb' n'a pu être trouvé avec 'SystemC_2013_DB.lib(sc_fxtype_params.obj)' ou sur 'Z:\inf8500\Lab2\impl\vc++\EncodeurRS\Debug\vc120.pdb' ; l'objet sera lié sans informations de débogage
     1>SystemC_2013_DB.lib(sc_fxval.obj) : warning LNK4099: PDB 'vc120.pdb' n'a pu être trouvé avec 'SystemC_2013_DB.lib(sc_fxval.obj)' ou sur 'Z:\inf8500\Lab2\impl\vc++\EncodeurRS\Debug\vc120.pdb' ; l'objet sera lié sans informations de débogage
     1>SystemC_2013_DB.lib(sc_int64_mask.obj) : warning LNK4099: PDB 'vc120.pdb' n'a pu être trouvé avec 'SystemC_2013_DB.lib(sc_int64_mask.obj)' ou sur 'Z:\inf8500\Lab2\impl\vc++\EncodeurRS\Debug\vc120.pdb' ; l'objet sera lié sans informations de débogage
     1>SystemC_2013_DB.lib(sc_nbdefs.obj) : warning LNK4099: PDB 'vc120.pdb' n'a pu être trouvé avec 'SystemC_2013_DB.lib(sc_nbdefs.obj)' ou sur 'Z:\inf8500\Lab2\impl\vc++\EncodeurRS\Debug\vc120.pdb' ; l'objet sera lié sans informations de débogage
     1>SystemC_2013_DB.lib(sc_nbexterns.obj) : warning LNK4099: PDB 'vc120.pdb' n'a pu être trouvé avec 'SystemC_2013_DB.lib(sc_nbexterns.obj)' ou sur 'Z:\inf8500\Lab2\impl\vc++\EncodeurRS\Debug\vc120.pdb' ; l'objet sera lié sans informations de débogage
     1>SystemC_2013_DB.lib(sc_nbutils.obj) : warning LNK4099: PDB 'vc120.pdb' n'a pu être trouvé avec 'SystemC_2013_DB.lib(sc_nbutils.obj)' ou sur 'Z:\inf8500\Lab2\impl\vc++\EncodeurRS\Debug\vc120.pdb' ; l'objet sera lié sans informations de débogage
     1>SystemC_2013_DB.lib(sc_signed.obj) : warning LNK4099: PDB 'vc120.pdb' n'a pu être trouvé avec 'SystemC_2013_DB.lib(sc_signed.obj)' ou sur 'Z:\inf8500\Lab2\impl\vc++\EncodeurRS\Debug\vc120.pdb' ; l'objet sera lié sans informations de débogage
     1>SystemC_2013_DB.lib(sc_uint_base.obj) : warning LNK4099: PDB 'vc120.pdb' n'a pu être trouvé avec 'SystemC_2013_DB.lib(sc_uint_base.obj)' ou sur 'Z:\inf8500\Lab2\impl\vc++\EncodeurRS\Debug\vc120.pdb' ; l'objet sera lié sans informations de débogage
     1>SystemC_2013_DB.lib(sc_unsigned.obj) : warning LNK4099: PDB 'vc120.pdb' n'a pu être trouvé avec 'SystemC_2013_DB.lib(sc_unsigned.obj)' ou sur 'Z:\inf8500\Lab2\impl\vc++\EncodeurRS\Debug\vc120.pdb' ; l'objet sera lié sans informations de débogage
     1>SystemC_2013_DB.lib(sc_value_base.obj) : warning LNK4099: PDB 'vc120.pdb' n'a pu être trouvé avec 'SystemC_2013_DB.lib(sc_value_base.obj)' ou sur 'Z:\inf8500\Lab2\impl\vc++\EncodeurRS\Debug\vc120.pdb' ; l'objet sera lié sans informations de débogage
     1>SystemC_2013_DB.lib(sc_attribute.obj) : warning LNK4099: PDB 'vc120.pdb' n'a pu être trouvé avec 'SystemC_2013_DB.lib(sc_attribute.obj)' ou sur 'Z:\inf8500\Lab2\impl\vc++\EncodeurRS\Debug\vc120.pdb' ; l'objet sera lié sans informations de débogage
     1>SystemC_2013_DB.lib(sc_cor_fiber.obj) : warning LNK4099: PDB 'vc120.pdb' n'a pu être trouvé avec 'SystemC_2013_DB.lib(sc_cor_fiber.obj)' ou sur 'Z:\inf8500\Lab2\impl\vc++\EncodeurRS\Debug\vc120.pdb' ; l'objet sera lié sans informations de débogage
     1>SystemC_2013_DB.lib(sc_cthread_process.obj) : warning LNK4099: PDB 'vc120.pdb' n'a pu être trouvé avec 'SystemC_2013_DB.lib(sc_cthread_process.obj)' ou sur 'Z:\inf8500\Lab2\impl\vc++\EncodeurRS\Debug\vc120.pdb' ; l'objet sera lié sans informations de débogage
     1>SystemC_2013_DB.lib(sc_event.obj) : warning LNK4099: PDB 'vc120.pdb' n'a pu être trouvé avec 'SystemC_2013_DB.lib(sc_event.obj)' ou sur 'Z:\inf8500\Lab2\impl\vc++\EncodeurRS\Debug\vc120.pdb' ; l'objet sera lié sans informations de débogage
     1>SystemC_2013_DB.lib(sc_except.obj) : warning LNK4099: PDB 'vc120.pdb' n'a pu être trouvé avec 'SystemC_2013_DB.lib(sc_except.obj)' ou sur 'Z:\inf8500\Lab2\impl\vc++\EncodeurRS\Debug\vc120.pdb' ; l'objet sera lié sans informations de débogage
     1>SystemC_2013_DB.lib(sc_main.obj) : warning LNK4099: PDB 'vc120.pdb' n'a pu être trouvé avec 'SystemC_2013_DB.lib(sc_main.obj)' ou sur 'Z:\inf8500\Lab2\impl\vc++\EncodeurRS\Debug\vc120.pdb' ; l'objet sera lié sans informations de débogage
     1>SystemC_2013_DB.lib(sc_main_main.obj) : warning LNK4099: PDB 'vc120.pdb' n'a pu être trouvé avec 'SystemC_2013_DB.lib(sc_main_main.obj)' ou sur 'Z:\inf8500\Lab2\impl\vc++\EncodeurRS\Debug\vc120.pdb' ; l'objet sera lié sans informations de débogage
     1>SystemC_2013_DB.lib(sc_method_process.obj) : warning LNK4099: PDB 'vc120.pdb' n'a pu être trouvé avec 'SystemC_2013_DB.lib(sc_method_process.obj)' ou sur 'Z:\inf8500\Lab2\impl\vc++\EncodeurRS\Debug\vc120.pdb' ; l'objet sera lié sans informations de débogage
     1>SystemC_2013_DB.lib(sc_module.obj) : warning LNK4099: PDB 'vc120.pdb' n'a pu être trouvé avec 'SystemC_2013_DB.lib(sc_module.obj)' ou sur 'Z:\inf8500\Lab2\impl\vc++\EncodeurRS\Debug\vc120.pdb' ; l'objet sera lié sans informations de débogage
     1>SystemC_2013_DB.lib(sc_module_name.obj) : warning LNK4099: PDB 'vc120.pdb' n'a pu être trouvé avec 'SystemC_2013_DB.lib(sc_module_name.obj)' ou sur 'Z:\inf8500\Lab2\impl\vc++\EncodeurRS\Debug\vc120.pdb' ; l'objet sera lié sans informations de débogage
     1>SystemC_2013_DB.lib(sc_module_registry.obj) : warning LNK4099: PDB 'vc120.pdb' n'a pu être trouvé avec 'SystemC_2013_DB.lib(sc_module_registry.obj)' ou sur 'Z:\inf8500\Lab2\impl\vc++\EncodeurRS\Debug\vc120.pdb' ; l'objet sera lié sans informations de débogage
     1>SystemC_2013_DB.lib(sc_name_gen.obj) : warning LNK4099: PDB 'vc120.pdb' n'a pu être trouvé avec 'SystemC_2013_DB.lib(sc_name_gen.obj)' ou sur 'Z:\inf8500\Lab2\impl\vc++\EncodeurRS\Debug\vc120.pdb' ; l'objet sera lié sans informations de débogage
     1>SystemC_2013_DB.lib(sc_object.obj) : warning LNK4099: PDB 'vc120.pdb' n'a pu être trouvé avec 'SystemC_2013_DB.lib(sc_object.obj)' ou sur 'Z:\inf8500\Lab2\impl\vc++\EncodeurRS\Debug\vc120.pdb' ; l'objet sera lié sans informations de débogage
     1>SystemC_2013_DB.lib(sc_object_manager.obj) : warning LNK4099: PDB 'vc120.pdb' n'a pu être trouvé avec 'SystemC_2013_DB.lib(sc_object_manager.obj)' ou sur 'Z:\inf8500\Lab2\impl\vc++\EncodeurRS\Debug\vc120.pdb' ; l'objet sera lié sans informations de débogage
     1>SystemC_2013_DB.lib(sc_phase_callback_registry.obj) : warning LNK4099: PDB 'vc120.pdb' n'a pu être trouvé avec 'SystemC_2013_DB.lib(sc_phase_callback_registry.obj)' ou sur 'Z:\inf8500\Lab2\impl\vc++\EncodeurRS\Debug\vc120.pdb' ; l'objet sera lié sans informations de débogage
     1>SystemC_2013_DB.lib(sc_process.obj) : warning LNK4099: PDB 'vc120.pdb' n'a pu être trouvé avec 'SystemC_2013_DB.lib(sc_process.obj)' ou sur 'Z:\inf8500\Lab2\impl\vc++\EncodeurRS\Debug\vc120.pdb' ; l'objet sera lié sans informations de débogage
     1>SystemC_2013_DB.lib(sc_reset.obj) : warning LNK4099: PDB 'vc120.pdb' n'a pu être trouvé avec 'SystemC_2013_DB.lib(sc_reset.obj)' ou sur 'Z:\inf8500\Lab2\impl\vc++\EncodeurRS\Debug\vc120.pdb' ; l'objet sera lié sans informations de débogage
     1>SystemC_2013_DB.lib(sc_sensitive.obj) : warning LNK4099: PDB 'vc120.pdb' n'a pu être trouvé avec 'SystemC_2013_DB.lib(sc_sensitive.obj)' ou sur 'Z:\inf8500\Lab2\impl\vc++\EncodeurRS\Debug\vc120.pdb' ; l'objet sera lié sans informations de débogage
     1>SystemC_2013_DB.lib(sc_simcontext.obj) : warning LNK4099: PDB 'vc120.pdb' n'a pu être trouvé avec 'SystemC_2013_DB.lib(sc_simcontext.obj)' ou sur 'Z:\inf8500\Lab2\impl\vc++\EncodeurRS\Debug\vc120.pdb' ; l'objet sera lié sans informations de débogage
     1>SystemC_2013_DB.lib(sc_spawn_options.obj) : warning LNK4099: PDB 'vc120.pdb' n'a pu être trouvé avec 'SystemC_2013_DB.lib(sc_spawn_options.obj)' ou sur 'Z:\inf8500\Lab2\impl\vc++\EncodeurRS\Debug\vc120.pdb' ; l'objet sera lié sans informations de débogage
     1>SystemC_2013_DB.lib(sc_thread_process.obj) : warning LNK4099: PDB 'vc120.pdb' n'a pu être trouvé avec 'SystemC_2013_DB.lib(sc_thread_process.obj)' ou sur 'Z:\inf8500\Lab2\impl\vc++\EncodeurRS\Debug\vc120.pdb' ; l'objet sera lié sans informations de débogage
     1>SystemC_2013_DB.lib(sc_time.obj) : warning LNK4099: PDB 'vc120.pdb' n'a pu être trouvé avec 'SystemC_2013_DB.lib(sc_time.obj)' ou sur 'Z:\inf8500\Lab2\impl\vc++\EncodeurRS\Debug\vc120.pdb' ; l'objet sera lié sans informations de débogage
     1>SystemC_2013_DB.lib(sc_ver.obj) : warning LNK4099: PDB 'vc120.pdb' n'a pu être trouvé avec 'SystemC_2013_DB.lib(sc_ver.obj)' ou sur 'Z:\inf8500\Lab2\impl\vc++\EncodeurRS\Debug\vc120.pdb' ; l'objet sera lié sans informations de débogage
     1>SystemC_2013_DB.lib(sc_wait.obj) : warning LNK4099: PDB 'vc120.pdb' n'a pu être trouvé avec 'SystemC_2013_DB.lib(sc_wait.obj)' ou sur 'Z:\inf8500\Lab2\impl\vc++\EncodeurRS\Debug\vc120.pdb' ; l'objet sera lié sans informations de débogage
     1>SystemC_2013_DB.lib(sc_trace.obj) : warning LNK4099: PDB 'vc120.pdb' n'a pu être trouvé avec 'SystemC_2013_DB.lib(sc_trace.obj)' ou sur 'Z:\inf8500\Lab2\impl\vc++\EncodeurRS\Debug\vc120.pdb' ; l'objet sera lié sans informations de débogage
     1>SystemC_2013_DB.lib(sc_hash.obj) : warning LNK4099: PDB 'vc120.pdb' n'a pu être trouvé avec 'SystemC_2013_DB.lib(sc_hash.obj)' ou sur 'Z:\inf8500\Lab2\impl\vc++\EncodeurRS\Debug\vc120.pdb' ; l'objet sera lié sans informations de débogage
     1>SystemC_2013_DB.lib(sc_list.obj) : warning LNK4099: PDB 'vc120.pdb' n'a pu être trouvé avec 'SystemC_2013_DB.lib(sc_list.obj)' ou sur 'Z:\inf8500\Lab2\impl\vc++\EncodeurRS\Debug\vc120.pdb' ; l'objet sera lié sans informations de débogage
     1>SystemC_2013_DB.lib(sc_mempool.obj) : warning LNK4099: PDB 'vc120.pdb' n'a pu être trouvé avec 'SystemC_2013_DB.lib(sc_mempool.obj)' ou sur 'Z:\inf8500\Lab2\impl\vc++\EncodeurRS\Debug\vc120.pdb' ; l'objet sera lié sans informations de débogage
     1>SystemC_2013_DB.lib(sc_pq.obj) : warning LNK4099: PDB 'vc120.pdb' n'a pu être trouvé avec 'SystemC_2013_DB.lib(sc_pq.obj)' ou sur 'Z:\inf8500\Lab2\impl\vc++\EncodeurRS\Debug\vc120.pdb' ; l'objet sera lié sans informations de débogage
     1>SystemC_2013_DB.lib(sc_report.obj) : warning LNK4099: PDB 'vc120.pdb' n'a pu être trouvé avec 'SystemC_2013_DB.lib(sc_report.obj)' ou sur 'Z:\inf8500\Lab2\impl\vc++\EncodeurRS\Debug\vc120.pdb' ; l'objet sera lié sans informations de débogage
     1>SystemC_2013_DB.lib(sc_report_handler.obj) : warning LNK4099: PDB 'vc120.pdb' n'a pu être trouvé avec 'SystemC_2013_DB.lib(sc_report_handler.obj)' ou sur 'Z:\inf8500\Lab2\impl\vc++\EncodeurRS\Debug\vc120.pdb' ; l'objet sera lié sans informations de débogage
     1>SystemC_2013_DB.lib(sc_stop_here.obj) : warning LNK4099: PDB 'vc120.pdb' n'a pu être trouvé avec 'SystemC_2013_DB.lib(sc_stop_here.obj)' ou sur 'Z:\inf8500\Lab2\impl\vc++\EncodeurRS\Debug\vc120.pdb' ; l'objet sera lié sans informations de débogage
     1>SystemC_2013_DB.lib(sc_utils_ids.obj) : warning LNK4099: PDB 'vc120.pdb' n'a pu être trouvé avec 'SystemC_2013_DB.lib(sc_utils_ids.obj)' ou sur 'Z:\inf8500\Lab2\impl\vc++\EncodeurRS\Debug\vc120.pdb' ; l'objet sera lié sans informations de débogage
         EncodeurRS.vcxproj -> Z:\inf8500\Lab2\impl\vc++\EncodeurRS\Debug\EncodeurRS.exe
     1>Génération du projet "Z:\inf8500\Lab2\impl\vc++\EncodeurRS\EncodeurRS\EncodeurRS.vcxproj" terminée (Build cible(s)).

La génération a réussi.

Temps écoulé 00:00:04.69
