z:\lab2\impl\vc++\encodeurrs\encodeurrs\debug\vc120.pdb
z:\lab2\impl\vc++\encodeurrs\encodeurrs\debug\vc120.idb
z:\lab2\impl\vc++\encodeurrs\encodeurrs\debug\maintoplevel.obj
z:\lab2\impl\vc++\encodeurrs\encodeurrs\debug\rsencoder.obj
z:\lab2\impl\vc++\encodeurrs\encodeurrs\debug\rsencodertb.obj
z:\inf8500\lab2\impl\vc++\encodeurrs\encodeurrs\debug\vc120.pdb
z:\inf8500\lab2\impl\vc++\encodeurrs\encodeurrs\debug\vc120.idb
z:\inf8500\lab2\impl\vc++\encodeurrs\encodeurrs\debug\rsencoder.obj
z:\inf8500\lab2\impl\vc++\encodeurrs\encodeurrs\debug\rsencodertb.obj
z:\inf8500\lab2\impl\vc++\encodeurrs\encodeurrs\debug\maintoplevel.obj
z:\lab2\impl\vc++\encodeurrs\debug\encodeurrs.ilk
z:\lab2\impl\vc++\encodeurrs\debug\encodeurrs.exe
z:\lab2\impl\vc++\encodeurrs\debug\encodeurrs.pdb
z:\inf8500\lab2\impl\vc++\encodeurrs\debug\encodeurrs.pdb
z:\inf8500\lab2\impl\vc++\encodeurrs\debug\encodeurrs.ilk
z:\inf8500\lab2\impl\vc++\encodeurrs\encodeurrs\debug\encodeurrs.tlog\cl.command.1.tlog
z:\inf8500\lab2\impl\vc++\encodeurrs\encodeurrs\debug\encodeurrs.tlog\cl.read.1.tlog
z:\inf8500\lab2\impl\vc++\encodeurrs\encodeurrs\debug\encodeurrs.tlog\cl.write.1.tlog
z:\inf8500\lab2\impl\vc++\encodeurrs\encodeurrs\debug\encodeurrs.tlog\link.command.1.tlog
z:\inf8500\lab2\impl\vc++\encodeurrs\encodeurrs\debug\encodeurrs.tlog\link.read.1.tlog
z:\inf8500\lab2\impl\vc++\encodeurrs\encodeurrs\debug\encodeurrs.tlog\link.write.1.tlog
